-------------------------------------------------------------------------------
Test set: com.bridgelabz.MainProjectApplicationTests
-------------------------------------------------------------------------------
Tests run: 1, Failures: 0, Errors: 1, Skipped: 0, Time elapsed: 4.54 s <<< FAILURE! - in com.bridgelabz.MainProjectApplicationTests
contextLoads(com.bridgelabz.MainProjectApplicationTests)  Time elapsed: 0.003 s  <<< ERROR!
java.lang.IllegalStateException: Failed to load ApplicationContext
Caused by: org.springframework.beans.factory.UnsatisfiedDependencyException: Error creating bean with name 'userController': Unsatisfied dependency expressed through field 'service'; nested exception is org.springframework.beans.factory.UnsatisfiedDependencyException: Error creating bean with name 'service': Unsatisfied dependency expressed through field 'repository'; nested exception is org.springframework.beans.factory.BeanCreationException: Error creating bean with name 'userRepository': Post-processing of merged bean definition failed; nested exception is java.lang.NoSuchMethodError: 'javax.persistence.SynchronizationType javax.persistence.PersistenceContext.synchronization()'
Caused by: org.springframework.beans.factory.UnsatisfiedDependencyException: Error creating bean with name 'service': Unsatisfied dependency expressed through field 'repository'; nested exception is org.springframework.beans.factory.BeanCreationException: Error creating bean with name 'userRepository': Post-processing of merged bean definition failed; nested exception is java.lang.NoSuchMethodError: 'javax.persistence.SynchronizationType javax.persistence.PersistenceContext.synchronization()'
Caused by: org.springframework.beans.factory.BeanCreationException: Error creating bean with name 'userRepository': Post-processing of merged bean definition failed; nested exception is java.lang.NoSuchMethodError: 'javax.persistence.SynchronizationType javax.persistence.PersistenceContext.synchronization()'
Caused by: java.lang.NoSuchMethodError: 'javax.persistence.SynchronizationType javax.persistence.PersistenceContext.synchronization()'

